<?xml version="1.0" encoding="UTF-8"?>
<testsuite xmlns:xsi="http://www.w3.org/2001/XMLSchema-instance" xsi:noNamespaceSchemaLocation="https://maven.apache.org/surefire/maven-surefire-plugin/xsd/surefire-test-report.xsd" version="3.0" name="uni.sw.unit.testing.TriangleTest" time="0.109" tests="8" errors="0" skipped="0" failures="0">
  <properties>
[...]
</properties>
  <testcase name="testNotIsoscelesTriangle" classname="uni.sw.unit.testing.TriangleTest" time="0.047"/>
  <testcase name="testArea" classname="uni.sw.unit.testing.TriangleTest" time="0.016"/>
  <testcase name="testIsoscelesTriangle" classname="uni.sw.unit.testing.TriangleTest" time="0.0"/>
  <testcase name="testGenericTriangle" classname="uni.sw.unit.testing.TriangleTest" time="0.0"/>
  <testcase name="testRightAngledTriangle" classname="uni.sw.unit.testing.TriangleTest" time="0.0"/>
  <testcase name="testNotConstructableTriangle" classname="uni.sw.unit.testing.TriangleTest" time="0.0"/>
  <testcase name="testEquilateralTriangle" classname="uni.sw.unit.testing.TriangleTest" time="0.0"/>
  <testcase name="testPerimeter" classname="uni.sw.unit.testing.TriangleTest" time="0.0"/>
</testsuite>